

Version:	3.14
CmdLine:	D:\eclipse-workspace\Pong\Runnable Files\The Pong Game.exe --l4j-debug
WOW64:		yes
Working dir:	D:\eclipse-workspace\Pong\Runnable Files\.
Java min ver:	
Java max ver:	
Bundled JRE(s):	jre
Check launcher:	D:\eclipse-workspace\Pong\Runnable Files\jre\bin\javaw.exe (not found)
Error msg:	This application requires a Java Runtime Environment.


Version:	3.14
CmdLine:	D:\eclipse-workspace\Pong\Runnable Files\The Pong Game.exe --l4j-debug
WOW64:		yes
Working dir:	D:\eclipse-workspace\Pong\Runnable Files\.
Java min ver:	
Java max ver:	
Bundled JRE(s):	jre
Check launcher:	D:\eclipse-workspace\Pong\Runnable Files\jre\bin\javaw.exe (not found)
Error msg:	This application requires a Java Runtime Environment.


Version:	3.14
CmdLine:	D:\eclipse-workspace\Pong\Runnable Files\The Pong Game.exe --l4j-debug
WOW64:		yes
Working dir:	D:\eclipse-workspace\Pong\Runnable Files\.
Java min ver:	
Java max ver:	
Bundled JRE(s):	jre
Check launcher:	D:\eclipse-workspace\Pong\Runnable Files\jre\bin\javaw.exe (not found)
Error msg:	This application requires a Java Runtime Environment.


Version:	3.14
CmdLine:	D:\eclipse-workspace\Pong\Runnable Files\The Pong Game.exe --l4j-debug
WOW64:		yes
Working dir:	D:\eclipse-workspace\Pong\Runnable Files\.
Java min ver:	
Java max ver:	
Bundled JRE(s):	jre
Check launcher:	D:\eclipse-workspace\Pong\Runnable Files\jre\bin\javaw.exe (not found)
Error msg:	This application requires a Java Runtime Environment.


Version:	3.14
CmdLine:	D:\eclipse-workspace\Pong\Runnable Files\The Pong Game.exe --l4j-debug
WOW64:		yes
Working dir:	D:\eclipse-workspace\Pong\Runnable Files\.
Java min ver:	
Java max ver:	
Bundled JRE(s):	jre
Check launcher:	D:\eclipse-workspace\Pong\Runnable Files\jre\bin\javaw.exe (not found)
Error msg:	This application requires a Java Runtime Environment.


Version:	3.14
CmdLine:	D:\eclipse-workspace\Pong\Runnable Files\The Pong Game.exe --l4j-debug
WOW64:		yes
Working dir:	D:\eclipse-workspace\Pong\Runnable Files\.
Java min ver:	
Java max ver:	
Bundled JRE(s):	jre
Check launcher:	D:\eclipse-workspace\Pong\Runnable Files\jre\bin\javaw.exe (not found)
Error msg:	This application requires a Java Runtime Environment.


Version:	3.14
CmdLine:	D:\eclipse-workspace\Pong\Runnable Files\The Pong Game.exe --l4j-debug
WOW64:		yes
Working dir:	D:\eclipse-workspace\Pong\Runnable Files\.
Java min ver:	
Java max ver:	
Bundled JRE(s):	jre
Check launcher:	D:\eclipse-workspace\Pong\Runnable Files\jre\bin\javaw.exe (not found)
Error msg:	This application requires a Java Runtime Environment.


Version:	3.14
CmdLine:	D:\eclipse-workspace\Pong\Runnable Files\The Pong Game.exe --l4j-debug
WOW64:		yes
Working dir:	D:\eclipse-workspace\Pong\Runnable Files\.
Java min ver:	
Java max ver:	
Bundled JRE(s):	jre
Check launcher:	D:\eclipse-workspace\Pong\Runnable Files\jre\bin\javaw.exe (not found)
Error msg:	This application requires a Java Runtime Environment.


Version:	3.14
CmdLine:	D:\eclipse-workspace\Pong\Runnable Files\The Pong Game.exe --l4j-debug
WOW64:		yes
Working dir:	D:\eclipse-workspace\Pong\Runnable Files\.
Java min ver:	
Java max ver:	
Bundled JRE(s):	jre
Check launcher:	D:\eclipse-workspace\Pong\Runnable Files\jre\bin\javaw.exe (not found)
Error msg:	This application requires a Java Runtime Environment.


Version:	3.14
CmdLine:	D:\eclipse-workspace\Pong\Runnable Files\The Pong Game.exe --l4j-debug
WOW64:		yes
Working dir:	D:\eclipse-workspace\Pong\Runnable Files\.
Java min ver:	
Java max ver:	
Bundled JRE(s):	jre
Check launcher:	D:\eclipse-workspace\Pong\Runnable Files\jre\bin\javaw.exe (not found)
Error msg:	This application requires a Java Runtime Environment.


Version:	3.14
CmdLine:	D:\eclipse-workspace\Pong\Runnable Files\The Pong Game.exe --l4j-debug
WOW64:		yes
Working dir:	D:\eclipse-workspace\Pong\Runnable Files\.
Java min ver:	
Java max ver:	
Bundled JRE(s):	jre
Check launcher:	D:\eclipse-workspace\Pong\Runnable Files\jre\bin\javaw.exe (OK)
Launcher:	D:\eclipse-workspace\Pong\Runnable Files\jre\bin\javaw.exe
Launcher args:	-jar "D:\eclipse-workspace\Pong\Runnable Files\The Pong Game.exe"
Args length:	65/32768 chars
Exit code:	0


Version:	3.14
CmdLine:	D:\eclipse-workspace\Pong\Runnable Files\The Pong Game.exe --l4j-debug
WOW64:		yes
Working dir:	D:\eclipse-workspace\Pong\Runnable Files\.
Java min ver:	
Java max ver:	
Bundled JRE(s):	jre
Check launcher:	D:\eclipse-workspace\Pong\Runnable Files\jre\bin\javaw.exe (OK)
Launcher:	D:\eclipse-workspace\Pong\Runnable Files\jre\bin\javaw.exe
Launcher args:	-jar "D:\eclipse-workspace\Pong\Runnable Files\The Pong Game.exe"
Args length:	65/32768 chars
Exit code:	0


Version:	3.14
CmdLine:	D:\eclipse-workspace\Pong\Runnable Files\The Pong Game.exe --l4j-debug
WOW64:		yes
Working dir:	D:\eclipse-workspace\Pong\Runnable Files\.
Java min ver:	
Java max ver:	
Bundled JRE(s):	jre
Check launcher:	D:\eclipse-workspace\Pong\Runnable Files\jre\bin\javaw.exe (OK)
Launcher:	D:\eclipse-workspace\Pong\Runnable Files\jre\bin\javaw.exe
Launcher args:	-jar "D:\eclipse-workspace\Pong\Runnable Files\The Pong Game.exe"
Args length:	65/32768 chars
Exit code:	0


Version:	3.14
CmdLine:	D:\eclipse-workspace\Pong\Runnable Files\The Pong Game.exe --l4j-debug
WOW64:		yes
Working dir:	D:\eclipse-workspace\Pong\Runnable Files\.
Java min ver:	
Java max ver:	
Bundled JRE(s):	D:\eclipse-workspace\Pong\Runnable Files\jre
Check launcher:	D:\eclipse-workspace\Pong\Runnable Files\jre\bin\javaw.exe (OK)
Launcher:	D:\eclipse-workspace\Pong\Runnable Files\jre\bin\javaw.exe
Launcher args:	-jar "D:\eclipse-workspace\Pong\Runnable Files\The Pong Game.exe"
Args length:	65/32768 chars
Exit code:	0


Version:	3.14
CmdLine:	D:\eclipse-workspace\Pong\Runnable Files\The Pong Game.exe --l4j-debug
WOW64:		yes
Working dir:	D:\eclipse-workspace\Pong\Runnable Files\.
Java min ver:	
Java max ver:	
Bundled JRE(s):	D:\eclipse-workspace\Pong\Runnable Files\jre
Check launcher:	D:\eclipse-workspace\Pong\Runnable Files\jre\bin\javaw.exe (OK)
Launcher:	D:\eclipse-workspace\Pong\Runnable Files\jre\bin\javaw.exe
Launcher args:	-jar "D:\eclipse-workspace\Pong\Runnable Files\The Pong Game.exe"
Args length:	65/32768 chars
Exit code:	0


Version:	3.14
CmdLine:	D:\eclipse-workspace\Pong\Runnable Files\The Pong Game.exe --l4j-debug
WOW64:		yes
Working dir:	D:\eclipse-workspace\Pong\Runnable Files\.
Java min ver:	
Java max ver:	
Bundled JRE(s):	D:\eclipse-workspace\Pong\Runnable Files\jre
Check launcher:	D:\eclipse-workspace\Pong\Runnable Files\jre\bin\javaw.exe (OK)
Launcher:	D:\eclipse-workspace\Pong\Runnable Files\jre\bin\javaw.exe
Launcher args:	-jar "D:\eclipse-workspace\Pong\Runnable Files\The Pong Game.exe"
Args length:	65/32768 chars
Exit code:	0


Version:	3.14
CmdLine:	D:\eclipse-workspace\Pong\Runnable Files\The Pong Game.exe --l4j-debug
WOW64:		yes
Working dir:	D:\eclipse-workspace\Pong\Runnable Files\.
Java min ver:	
Java max ver:	
Bundled JRE(s):	D:\eclipse-workspace\Pong\Runnable Files\jre
Check launcher:	D:\eclipse-workspace\Pong\Runnable Files\jre\bin\javaw.exe (OK)
Launcher:	D:\eclipse-workspace\Pong\Runnable Files\jre\bin\javaw.exe
Launcher args:	-jar "D:\eclipse-workspace\Pong\Runnable Files\The Pong Game.exe"
Args length:	65/32768 chars
Exit code:	0


Version:	3.14
CmdLine:	D:\eclipse-workspace\Pong\Runnable Files\The Pong Game.exe --l4j-debug
WOW64:		yes
Working dir:	D:\eclipse-workspace\Pong\Runnable Files\.
Java min ver:	
Java max ver:	
Bundled JRE(s):	D:\eclipse-workspace\Pong\Runnable Files\jre
Check launcher:	D:\eclipse-workspace\Pong\Runnable Files\jre\bin\javaw.exe (OK)
Launcher:	D:\eclipse-workspace\Pong\Runnable Files\jre\bin\javaw.exe
Launcher args:	-jar "D:\eclipse-workspace\Pong\Runnable Files\The Pong Game.exe"
Args length:	65/32768 chars
Exit code:	0


Version:	3.14
CmdLine:	D:\eclipse-workspace\Pong\Runnable Files\The Pong Game.exe --l4j-debug
WOW64:		yes
Working dir:	D:\eclipse-workspace\Pong\Runnable Files\.
Java min ver:	
Java max ver:	
Bundled JRE(s):	D:\eclipse-workspace\Pong\Runnable Files\jre
Check launcher:	D:\eclipse-workspace\Pong\Runnable Files\jre\bin\javaw.exe (OK)
Launcher:	D:\eclipse-workspace\Pong\Runnable Files\jre\bin\javaw.exe
Launcher args:	-jar "D:\eclipse-workspace\Pong\Runnable Files\The Pong Game.exe"
Args length:	65/32768 chars
Exit code:	0


Version:	3.14
CmdLine:	D:\eclipse-workspace\Pong\Runnable Files\The Pong Game.exe --l4j-debug
WOW64:		yes
Working dir:	D:\eclipse-workspace\Pong\Runnable Files\.
Java min ver:	
Java max ver:	
Bundled JRE(s):	D:\eclipse-workspace\Pong\Runnable Files\jre
Check launcher:	D:\eclipse-workspace\Pong\Runnable Files\jre\bin\javaw.exe (OK)
Launcher:	D:\eclipse-workspace\Pong\Runnable Files\jre\bin\javaw.exe
Launcher args:	-jar "D:\eclipse-workspace\Pong\Runnable Files\The Pong Game.exe"
Args length:	65/32768 chars
Exit code:	0


Version:	3.14
CmdLine:	D:\eclipse-workspace\Pong\Runnable Files\The Pong Game.exe --l4j-debug
WOW64:		yes
Working dir:	D:\eclipse-workspace\Pong\Runnable Files\.
Java min ver:	
Java max ver:	
Bundled JRE(s):	D:\eclipse-workspace\Pong\Runnable Files\jre
Check launcher:	D:\eclipse-workspace\Pong\Runnable Files\jre\bin\javaw.exe (OK)
Launcher:	D:\eclipse-workspace\Pong\Runnable Files\jre\bin\javaw.exe
Launcher args:	-jar "D:\eclipse-workspace\Pong\Runnable Files\The Pong Game.exe"
Args length:	65/32768 chars
Exit code:	0
